"../../../Engine/Config/Android/DataDrivenPlatformInfo.ini" 1
"../../../Engine/Config/HoloLens/DataDrivenPlatformInfo.ini" 2
"../../../Engine/Config/IOS/DataDrivenPlatformInfo.ini" 3
"../../../Engine/Config/Base.ini" 4
"../../../Engine/Config/BaseEngine.ini" 5
"../../../Engine/Config/IOS/BaseIOSEngine.ini" 6
"../../../../../../SecondSunday/WillOfNjord/Config/DefaultEngine.ini" 7
"../../../Engine/Config/IOS/IOSEngine.ini" 8
"../../../Engine/Config/Linux/DataDrivenPlatformInfo.ini" 9
"../../../Engine/Config/LinuxAArch64/DataDrivenPlatformInfo.ini" 10
"../../../Engine/Config/Lumin/DataDrivenPlatformInfo.ini" 11
"../../../Engine/Config/Mac/DataDrivenPlatformInfo.ini" 12
"../../../Engine/Config/TVOS/DataDrivenPlatformInfo.ini" 13
"../../../Engine/Config/Windows/DataDrivenPlatformInfo.ini" 14
"C:/SecondSunday/WillOfNjord/WillOfNjord.uproject" 15
"../../../../../../SecondSunday/WillOfNjord/Binaries/Win64/UE4Editor.modules" 16
"../../../Engine/Plugins/MeshPainting/MeshPainting.uplugin" 17
"../../../Engine/Plugins/XGEController/XGEController.uplugin" 18
"../../../Engine/Plugins/BlueprintFileUtils/BlueprintFileUtils.uplugin" 19
"../../../Engine/Plugins/ScriptPlugin/ScriptPlugin.uplugin" 20
"../../../Engine/Plugins/Compositing/Composure/Composure.uplugin" 21
"../../../Engine/Plugins/Animation/RigLogic/RigLogic.uplugin" 22
"../../../Engine/Plugins/2D/Paper2D/Paper2D.uplugin" 23
"../../../Engine/Plugins/Animation/LiveLinkCurveDebugUI/LiveLinkCurveDebugUI.uplugin" 24
"../../../Engine/Plugins/Blendables/LightPropagationVolume/LightPropagationVolume.uplugin" 25
"../../../Engine/Plugins/Animation/LiveLink/LiveLink.uplugin" 26
"../../../Engine/Plugins/Animation/GameplayInsights/GameplayInsights.uplugin" 27
"../../../Engine/Plugins/Compositing/OpenCVLensDistortion/OpenCVLensDistortion.uplugin" 28
"../../../Engine/Plugins/Compositing/OpenColorIO/OpenColorIO.uplugin" 29
"../../../Engine/Plugins/Compositing/LensDistortion/LensDistortion.uplugin" 30
"../../../Engine/Plugins/Cameras/CameraShakePreviewer/CameraShakePreviewer.uplugin" 31
"../../../Engine/Plugins/Cameras/GameplayCameras/GameplayCameras.uplugin" 32
"../../../Engine/Plugins/Compression/OodleNetwork/OodleNetwork.uplugin" 33
"../../../Engine/Plugins/Compression/OodleData/OodleData.uplugin" 34
"../../../Engine/Plugins/AI/EnvironmentQueryEditor/EnvironmentQueryEditor.uplugin" 35
"../../../Engine/Plugins/AI/AISupport/AISupport.uplugin" 36
"../../../Engine/Plugins/AI/UE4ML/UE4ML.uplugin" 37
"../../../Engine/Plugins/AI/HTNPlanner/HTNPlanner.uplugin" 38
"../../../Engine/Plugins/Developer/BlankPlugin/BlankPlugin.uplugin" 39
"../../../Engine/Plugins/Developer/AnimationSharing/AnimationSharing.uplugin" 40
"../../../Engine/Plugins/Developer/CodeLiteSourceCodeAccess/CodeLiteSourceCodeAccess.uplugin" 41
"../../../Engine/Plugins/Developer/CLionSourceCodeAccess/CLionSourceCodeAccess.uplugin" 42
"../../../Engine/Plugins/Developer/OneSkyLocalizationService/OneSkyLocalizationService.uplugin" 43
"../../../Engine/Plugins/Developer/NullSourceCodeAccess/NullSourceCodeAccess.uplugin" 44
"../../../Engine/Plugins/Developer/KDevelopSourceCodeAccess/KDevelopSourceCodeAccess.uplugin" 45
"../../../Engine/Plugins/Developer/PixWinPlugin/PixWinPlugin.uplugin" 46
"../../../Engine/Plugins/Developer/GitSourceControl/GitSourceControl.uplugin" 47
"../../../Engine/Plugins/Developer/PerforceSourceControl/PerforceSourceControl.uplugin" 48
"../../../Engine/Plugins/Developer/PlasticSourceControl/PlasticSourceControl.uplugin" 49
"../../../Engine/Plugins/Developer/TraceDataFiltering/TraceDataFilters.uplugin" 50
"../../../Engine/Plugins/Developer/PropertyAccessNode/PropertyAccessNode.uplugin" 51
"../../../Engine/Plugins/Developer/PluginUtils/PluginUtils.uplugin" 52
"../../../Engine/Plugins/Developer/TextureFormatOodle/TextureFormatOodle.uplugin" 53
"../../../Engine/Plugins/Developer/RenderDocPlugin/RenderDocPlugin.uplugin" 54
"../../../Engine/Plugins/Developer/RiderSourceCodeAccess/RiderSourceCodeAccess.uplugin" 55
"../../../Engine/Plugins/Developer/UObjectPlugin/UObjectPlugin.uplugin" 56
"../../../Engine/Plugins/Developer/SubversionSourceControl/SubversionSourceControl.uplugin" 57
"../../../Engine/Plugins/Developer/VisualStudioSourceCodeAccess/VisualStudioSourceCodeAccess.uplugin" 58
"../../../Engine/Plugins/Developer/XCodeSourceCodeAccess/XCodeSourceCodeAccess.uplugin" 59
"../../../Engine/Plugins/Experimental/ActorPalette/ActorPalette.uplugin" 60
"../../../Engine/Plugins/Developer/VisualStudioCodeSourceCodeAccess/VisualStudioCodeSourceCodeAccess.uplugin" 61
"../../../Engine/Plugins/FX/CascadeToNiagaraConverter/CascadeToNiagaraConverter.uplugin" 62
"../../../Engine/Plugins/Developer/TraceSourceFiltering/TraceSourceFilters.uplugin" 63
"../../../Engine/Plugins/FX/Niagara/Niagara.uplugin" 64
"../../../Engine/Plugins/Experimental/AlembicImporter/AlembicImporter.uplugin" 65
"../../../Engine/Plugins/Experimental/AutomationUtils/AutomationUtils.uplugin" 66
"../../../Engine/Plugins/Experimental/AppleVision/AppleVision.uplugin" 67
"../../../Engine/Plugins/FX/NiagaraExtras/NiagaraExtras.uplugin" 68
"../../../Engine/Plugins/Experimental/BlueprintStats/BlueprintStats.uplugin" 69
"../../../Engine/Plugins/Experimental/BackChannel/BackChannel.uplugin" 70
"../../../Engine/Plugins/Experimental/BlastPlugin/BlastPlugin.uplugin" 71
"../../../Engine/Plugins/Experimental/ChaosCaching/ChaosCaching.uplugin" 72
"../../../Engine/Plugins/Experimental/ChaosCloth/ChaosCloth.uplugin" 73
"../../../Engine/Plugins/Experimental/ChaosClothEditor/ChaosClothEditor.uplugin" 74
"../../../Engine/Plugins/Experimental/ChaosEditor/ChaosEditor.uplugin" 75
"../../../Engine/Plugins/Experimental/ChaosSolverPlugin/ChaosSolverPlugin.uplugin" 76
"../../../Engine/Plugins/Experimental/ChaosNiagara/ChaosNiagara.uplugin" 77
"../../../Engine/Plugins/Experimental/ChaosVehiclesPlugin/ChaosVehiclesPlugin.uplugin" 78
"../../../Engine/Plugins/Experimental/CommonUI/CommonUI.uplugin" 79
"../../../Engine/Plugins/Experimental/CommonConversation/CommonConversation.uplugin" 80
"../../../Engine/Plugins/Experimental/CharacterAI/CharacterAI.uplugin" 81
"../../../Engine/Plugins/Experimental/CodeEditor/CodeEditor.uplugin" 82
"../../../Engine/Plugins/Experimental/ColorCorrectRegions/ColorCorrectRegions.uplugin" 83
"../../../Engine/Plugins/Experimental/ControlRig/ControlRig.uplugin" 84
"../../../Engine/Plugins/Experimental/CodeView/CodeView.uplugin" 85
"../../../Engine/Plugins/Experimental/FullBodyIK/FullBodyIK.uplugin" 86
"../../../Engine/Plugins/Experimental/EnhancedInput/EnhancedInput.uplugin" 87
"../../../Engine/Plugins/Experimental/ExampleAssetEditor/ExampleAssetEditor.uplugin" 88
"../../../Engine/Plugins/Experimental/GameFeatures/GameFeatures.uplugin" 89
"../../../Engine/Plugins/Importers/USDMultiUser/USDMultiUser.uplugin" 90
"../../../Engine/Plugins/Experimental/FieldSystemPlugin/FieldSystemPlugin.uplugin" 91
"../../../Engine/Plugins/Importers/AlembicHairImporter/AlembicHairImporter.uplugin" 92
"../../../Engine/Plugins/Lumin/LuminPlatformFeatures/LuminPlatformFeatures.uplugin" 93
"../../../Engine/Plugins/Lumin/MagicLeapBLE/MagicLeapBLE.uplugin" 94
"../../../Engine/Plugins/Lumin/MagicLeap/MagicLeap.uplugin" 95
"../../../Engine/Plugins/Lumin/MagicLeapCamera/MagicLeapCamera.uplugin" 96
"../../../Engine/Plugins/Lumin/MagicLeapConnections/MagicLeapConnections.uplugin" 97
"../../../Engine/Plugins/Lumin/MagicLeapDispatch/MagicLeapDispatch.uplugin" 98
"../../../Engine/Plugins/Lumin/MagicLeapContacts/MagicLeapContacts.uplugin" 99
"../../../Engine/Plugins/Lumin/MagicLeapLightEstimation/MagicLeapLightEstimation.uplugin" 100
"../../../Engine/Plugins/Lumin/MagicLeapMovement/MagicLeapMovement.uplugin" 101
"../../../Engine/Plugins/Lumin/MagicLeapLocation/MagicLeapLocation.uplugin" 102
"../../../Engine/Plugins/Lumin/MagicLeapMedia/MagicLeapMedia.uplugin" 103
"../../../Engine/Plugins/Importers/USDImporter/USDImporter.uplugin" 104
"../../../Engine/Plugins/Lumin/MagicLeapPassableWorld/MagicLeapPassableWorld.uplugin" 105
"../../../Engine/Plugins/Lumin/MagicLeapNetworking/MagicLeapNetworking.uplugin" 106
"../../../Engine/Plugins/Lumin/MagicLeapSharedFile/MagicLeapSharedFile.uplugin" 107
"../../../Engine/Plugins/Lumin/MagicLeapTablet/MagicLeapTablet.uplugin" 108
"../../../Engine/Plugins/Lumin/MLSDK/MLSDK.uplugin" 109
"../../../Engine/Plugins/Experimental/Gauntlet/Gauntlet.uplugin" 110
"../../../Engine/Plugins/Experimental/GeometryCache/GeometryCache.uplugin" 111
"../../../Engine/Plugins/Lumin/MagicLeapMusicService/MagicLeapMusicService.uplugin" 112
"../../../Engine/Plugins/Experimental/GeometryCollectionPlugin/GeometryCollectionPlugin.uplugin" 113
"../../../Engine/Plugins/Experimental/GeometryProcessing/GeometryProcessing.uplugin" 114
"../../../Engine/Plugins/Experimental/GPULightmass/GPULightmass.uplugin" 115
"../../../Engine/Plugins/Experimental/ImagePlate/ImagePlate.uplugin" 116
"../../../Engine/Plugins/Experimental/GizmoFramework/GizmoFramework.uplugin" 117
"../../../Engine/Plugins/Experimental/GizmoEdMode/GizmoEdMode.uplugin" 118
"../../../Engine/Plugins/Experimental/LiveLinkControlRig/LiveLinkControlRig.uplugin" 119
"../../../Engine/Plugins/Experimental/Landmass/Landmass.uplugin" 120
"../../../Engine/Plugins/Experimental/MeshModelingToolset/MeshModelingToolset.uplugin" 121
"../../../Engine/Plugins/Experimental/GeometryCacheAbcFile/GeometryCacheAbcFile.uplugin" 122
"../../../Engine/Plugins/Experimental/MotionTrailEditorMode/MotionTrailEditorMode.uplugin" 123
"../../../Engine/Plugins/Experimental/ModularGameplay/ModularGameplay.uplugin" 124
"../../../Engine/Plugins/Experimental/ModelingToolsEditorMode/ModelingToolsEditorMode.uplugin" 125
"../../../Engine/Plugins/Experimental/PlanarCutPlugin/PlanarCut.uplugin" 126
"../../../Engine/Plugins/Experimental/PanoramicCapture/PanoramicCapture.uplugin" 127
"../../../Engine/Plugins/Experimental/ProxyLODPlugin/ProxyLODPlugin.uplugin" 128
"../../../Engine/Plugins/Experimental/OpenImageDenoise/OpenImageDenoise.uplugin" 129
"../../../Engine/Plugins/Experimental/MotoSynth/MotoSynth.uplugin" 130
"../../../Engine/Plugins/Experimental/PlatformCrypto/PlatformCrypto.uplugin" 131
"../../../Engine/Plugins/Experimental/RawInput/RawInput.uplugin" 132
"../../../Engine/Plugins/Experimental/RemoteSession/RemoteSession.uplugin" 133
"../../../Engine/Plugins/Experimental/PythonScriptPlugin/PythonScriptPlugin.uplugin" 134
"../../../Engine/Plugins/Enterprise/AxFImporter/AxFImporter.uplugin" 135
"../../../Engine/Plugins/Experimental/ImpostorBaker/ImpostorBaker.uplugin" 136
"../../../Engine/Plugins/Enterprise/DatasmithC4DImporter/DatasmithC4DImporter.uplugin" 137
"../../../Engine/Plugins/Enterprise/DataprepEditor/DataprepEditor.uplugin" 138
"../../../Engine/Plugins/Enterprise/DatasmithContent/DatasmithContent.uplugin" 139
"../../../Engine/Plugins/Experimental/SampleToolsEditorMode/SampleToolsEditorMode.uplugin" 140
"../../../Engine/Plugins/Enterprise/DatasmithFBXImporter/DatasmithFBXImporter.uplugin" 141
"../../../Engine/Plugins/Enterprise/DatasmithGLTFImporter/DatasmithGLTFImporter.uplugin" 142
"../../../Engine/Plugins/Enterprise/DatasmithIFCImporter/DatasmithIFCImporter.uplugin" 143
"../../../Engine/Plugins/Experimental/Shotgun/Shotgun.uplugin" 144
"../../../Engine/Plugins/Enterprise/DatasmithImporter/DatasmithImporter.uplugin" 145
"../../../Engine/Plugins/Experimental/SimpleHMD/SimpleHMD.uplugin" 146
"../../../Engine/Plugins/Enterprise/MDLImporter/MDLImporter.uplugin" 147
"../../../Engine/Plugins/Enterprise/VariantManager/VariantManager.uplugin" 148
"../../../Engine/Plugins/Enterprise/StaticMeshEditorExtension/StaticMeshEditorExtension.uplugin" 149
"../../../Engine/Plugins/Experimental/Text3D/Text3D.uplugin" 150
"../../../Engine/Plugins/Enterprise/VariantManagerContent/VariantManagerContent.uplugin" 151
"../../../Engine/Plugins/Enterprise/LidarPointCloud/LidarPointCloud.uplugin" 152
"../../../Engine/Plugins/Experimental/SkeletalReduction/SkeletalReduction.uplugin" 153
"../../../Engine/Plugins/Experimental/VirtualCamera/VirtualCamera.uplugin" 154
"../../../Engine/Plugins/Experimental/VirtualHeightfieldMesh/VirtualHeightfieldMesh.uplugin" 155
"../../../Engine/Plugins/Experimental/ShallowWater/ShallowWater.uplugin" 156
"../../../Engine/Plugins/Experimental/Water/Water.uplugin" 157
"../../../Engine/Plugins/Experimental/Volumetrics/Volumetrics.uplugin" 158
"../../../Engine/Plugins/Experimental/VirtualProductionUtilities/VirtualProductionUtilities.uplugin" 159
"../../../Engine/Plugins/Experimental/WebSocketNetworking/WebSocketNetworking.uplugin" 160
"../../../Engine/Plugins/Media/AjaMedia/AjaMedia.uplugin" 161
"../../../Engine/Plugins/Media/AndroidMedia/AndroidMedia.uplugin" 162
"../../../Engine/Plugins/Media/AndroidCamera/AndroidCamera.uplugin" 163
"../../../Engine/Plugins/Media/AppleProResMedia/AppleProResMedia.uplugin" 164
"../../../Engine/Plugins/Media/AudioCaptureTimecodeProvider/AudioCaptureTimecodeProvider.uplugin" 165
"../../../Engine/Plugins/Enterprise/DatasmithCADImporter/DatasmithCADImporter.uplugin" 166
"../../../Engine/Plugins/Media/AvfMedia/AvfMedia.uplugin" 167
"../../../Engine/Plugins/Media/AvidDNxMedia/AvidDNxMedia.uplugin" 168
"../../../Engine/Plugins/Media/BinkMedia/BinkMedia.uplugin" 169
"../../../Engine/Plugins/Media/BlackmagicMedia/BlackmagicMedia.uplugin" 170
"../../../Engine/Plugins/Media/ElectraCDM/ElectraCDM.uplugin" 171
"../../../Engine/Plugins/Media/ElectraUtil/ElectraUtil.uplugin" 172
"../../../Engine/Plugins/Media/HAPMedia/HAPMedia.uplugin" 173
"../../../Engine/Plugins/Media/HardwareEncoders/HardwareEncoders.uplugin" 174
"../../../Engine/Plugins/Media/ImgMedia/ImgMedia.uplugin" 175
"../../../Engine/Plugins/Media/HLMedia/HLMedia.uplugin" 176
"../../../Engine/Plugins/Media/LinearTimecode/LinearTimecode.uplugin" 177
"../../../Engine/Plugins/Media/ElectraPlayer/ElectraPlayer.uplugin" 178
"../../../Engine/Plugins/Media/MediaFrameworkUtilities/MediaFrameworkUtilities.uplugin" 179
"../../../Engine/Plugins/Media/MediaMovieStreamer/MediaMovieStreamer.uplugin" 180
"../../../Engine/Plugins/Media/MfMedia/MfMedia.uplugin" 181
"../../../Engine/Plugins/Media/MediaCompositing/MediaCompositing.uplugin" 182
"../../../Engine/Plugins/Media/TimecodeSynchronizer/TimecodeSynchronizer.uplugin" 183
"../../../Engine/Plugins/Media/MediaIOFramework/MediaIOFramework.uplugin" 184
"../../../Engine/Plugins/Media/PixelStreaming/PixelStreaming.uplugin" 185
"../../../Engine/Plugins/Media/WebMMedia/WebMMedia.uplugin" 186
"../../../Engine/Plugins/Media/MediaPlayerEditor/MediaPlayerEditor.uplugin" 187
"../../../Engine/Plugins/Media/WmfMedia/WmfMedia.uplugin" 188
"../../../Engine/Plugins/Editor/AssetManagerEditor/AssetManagerEditor.uplugin" 189
"../../../Engine/Plugins/Editor/AssetSearch/AssetSearch.uplugin" 190
"../../../Engine/Plugins/Editor/BlueprintMaterialTextureNodes/BlueprintMaterialTextureNodes.uplugin" 191
"../../../Engine/Plugins/Editor/CryptoKeys/CryptoKeys.uplugin" 192
"../../../Engine/Plugins/Editor/DataValidation/DataValidation.uplugin" 193
"../../../Engine/Plugins/Editor/CurveEditorTools/CurveEditorTools.uplugin" 194
"../../../Engine/Plugins/Editor/FacialAnimation/FacialAnimation.uplugin" 195
"../../../Engine/Plugins/Editor/GameplayTagsEditor/GameplayTagsEditor.uplugin" 196
"../../../Engine/Plugins/Editor/EditorScriptingUtilities/EditorScriptingUtilities.uplugin" 197
"../../../Engine/Plugins/Editor/GeometryMode/GeometryMode.uplugin" 198
"../../../Engine/Plugins/Editor/GLTFImporter/GLTFImporter.uplugin" 199
"../../../Engine/Plugins/Editor/MacGraphicsSwitching/MacGraphicsSwitching.uplugin" 200
"../../../Engine/Plugins/Editor/MaterialAnalyzer/MaterialAnalyzer.uplugin" 201
"../../../Engine/Plugins/Editor/MobileLauncherProfileWizard/MobileLauncherProfileWizard.uplugin" 202
"../../../Engine/Plugins/Editor/PluginBrowser/PluginBrowser.uplugin" 203
"../../../Engine/Plugins/Editor/MeshEditor/MeshEditor.uplugin" 204
"../../../Engine/Plugins/Editor/SpeedTreeImporter/SpeedTreeImporter.uplugin" 205
"../../../Engine/Plugins/Editor/StylusInput/StylusInput.uplugin" 206
"../../../Engine/Plugins/Messaging/MessagingDebugger/MessagingDebugger.uplugin" 207
"../../../Engine/Plugins/Messaging/TcpMessaging/TcpMessaging.uplugin" 208
"../../../Engine/Plugins/Messaging/UdpMessaging/UdpMessaging.uplugin" 209
"../../../Engine/Plugins/NetcodeUnitTest/NetcodeUnitTest/NetcodeUnitTest.uplugin" 210
"../../../Engine/Plugins/Online/EOSShared/EOSShared.uplugin" 211
"../../../Engine/Plugins/NetcodeUnitTest/NUTUnrealEngine4/NUTUnrealEngine4.uplugin" 212
"../../../Engine/Plugins/Online/OnlineFramework/OnlineFramework.uplugin" 213
"../../../Engine/Plugins/Performance/PerformanceMonitor/PerformanceMonitor.uplugin" 214
"../../../Engine/Plugins/Online/OnlineSubsystem/OnlineSubsystem.uplugin" 215
"../../../Engine/Plugins/Online/OnlineSubsystemAmazon/OnlineSubsystemAmazon.uplugin" 216
"../../../Engine/Plugins/Online/OnlineSubsystemApple/OnlineSubsystemApple.uplugin" 217
"../../../Engine/Plugins/Online/OnlineSubsystemEOS/OnlineSubsystemEOS.uplugin" 218
"../../../Engine/Plugins/Online/OnlineSubsystemFacebook/OnlineSubsystemFacebook.uplugin" 219
"../../../Engine/Plugins/Online/OnlineSubsystemGoogle/OnlineSubsystemGoogle.uplugin" 220
"../../../Engine/Plugins/Online/OnlineSubsystemNull/OnlineSubsystemNull.uplugin" 221
"../../../Engine/Plugins/Online/OnlineSubsystemOculus/OnlineSubsystemOculus.uplugin" 222
"../../../Engine/Plugins/Online/OnlineSubsystemSteam/OnlineSubsystemSteam.uplugin" 223
"../../../Engine/Plugins/Online/OnlineSubsystemTwitch/OnlineSubsystemTwitch.uplugin" 224
"../../../Engine/Plugins/Online/OnlineSubsystemUtils/OnlineSubsystemUtils.uplugin" 225
"../../../Engine/Plugins/Online/WebAuth/WebAuth.uplugin" 226
"../../../Engine/Plugins/Runtime/ActorLayerUtilities/ActorLayerUtilities.uplugin" 227
"../../../Engine/Plugins/Portal/LauncherChunkInstaller/LauncherChunkInstaller.uplugin" 228
"../../../Engine/Plugins/Online/OnlineSubsystemTencent/OnlineSubsystemTencent.uplugin" 229
"../../../Engine/Plugins/Runtime/AnimationBudgetAllocator/AnimationBudgetAllocator.uplugin" 230
"../../../Engine/Plugins/Runtime/AnimDistanceMatching/AnimDistanceMatching.uplugin" 231
"../../../Engine/Plugins/Runtime/AndroidPermission/AndroidPermission.uplugin" 232
"../../../Engine/Plugins/Runtime/AndroidMoviePlayer/AndroidMoviePlayer.uplugin" 233
"../../../Engine/Plugins/Runtime/ApexDestruction/ApexDestruction.uplugin" 234
"../../../Engine/Plugins/Runtime/AppleImageUtils/AppleImageUtils.uplugin" 235
"../../../Engine/Plugins/Runtime/AppleMoviePlayer/AppleMoviePlayer.uplugin" 236
"../../../Engine/Plugins/Runtime/AudioCapture/AudioCapture.uplugin" 237
"../../../Engine/Plugins/Runtime/ArchVisCharacter/ArchVisCharacter.uplugin" 238
"../../../Engine/Plugins/Runtime/AudioModulation/AudioModulation.uplugin" 239
"../../../Engine/Plugins/Runtime/AudioSynesthesia/AudioSynesthesia.uplugin" 240
"../../../Engine/Plugins/Runtime/AssetTags/AssetTags.uplugin" 241
"../../../Engine/Plugins/Runtime/ChunkDownloader/ChunkDownloader.uplugin" 242
"../../../Engine/Plugins/Runtime/DataRegistry/DataRegistry.uplugin" 243
"../../../Engine/Plugins/Runtime/AndroidDeviceProfileSelector/AndroidDeviceProfileSelector.uplugin" 244
"../../../Engine/Plugins/Runtime/CustomMeshComponent/CustomMeshComponent.uplugin" 245
"../../../Engine/Plugins/Runtime/EditableMesh/EditableMesh.uplugin" 246
"../../../Engine/Plugins/Runtime/ExampleDeviceProfileSelector/ExampleDeviceProfileSelector.uplugin" 247
"../../../Engine/Plugins/Runtime/Firebase/Firebase.uplugin" 248
"../../../Engine/Plugins/Runtime/GameplayAbilities/GameplayAbilities.uplugin" 249
"../../../Engine/Plugins/Runtime/GeoReferencing/GeoReferencing.uplugin" 250
"../../../Engine/Plugins/MovieScene/LevelSequenceEditor/LevelSequenceEditor.uplugin" 251
"../../../Engine/Plugins/MovieScene/CustomizableSequencerTracks/CustomizableSequencerTracks.uplugin" 252
"../../../Engine/Plugins/MovieScene/ActorSequence/ActorSequence.uplugin" 253
"../../../Engine/Plugins/Runtime/CableComponent/CableComponent.uplugin" 254
"../../../Engine/Plugins/MovieScene/MovieRenderPipeline/MovieRenderPipeline.uplugin" 255
"../../../Engine/Plugins/MovieScene/SequencerScripting/SequencerScripting.uplugin" 256
"../../../Engine/Plugins/MovieScene/TemplateSequence/TemplateSequence.uplugin" 257
"../../../Engine/Plugins/MovieScene/ReplayTracks/ReplayTracks.uplugin" 258
"../../../Engine/Plugins/Runtime/GoogleCloudMessaging/GoogleCloudMessaging.uplugin" 259
"../../../Engine/Plugins/MovieScene/MoviePipelineMaskRenderPass/MoviePipelineMaskRenderPass.uplugin" 260
"../../../Engine/Plugins/MovieScene/MatineeToLevelSequence/MatineeToLevelSequence.uplugin" 261
"../../../Engine/Plugins/Runtime/HDRIBackdrop/HDRIBackdrop.uplugin" 262
"../../../Engine/Plugins/Runtime/HPMotionController/HPMotionController.uplugin" 263
"../../../Engine/Plugins/Runtime/HairStrands/HairStrands.uplugin" 264
"../../../Engine/Plugins/Runtime/IOSDeviceProfileSelector/IOSDeviceProfileSelector.uplugin" 265
"../../../Engine/Plugins/Runtime/IOSReplayKit/IOSReplayKit.uplugin" 266
"../../../Engine/Plugins/Runtime/LinuxDeviceProfileSelector/LinuxDeviceProfileSelector.uplugin" 267
"../../../Engine/Plugins/Runtime/HTTPChunkInstaller/HTTPChunkInstaller.uplugin" 268
"../../../Engine/Plugins/Runtime/LiveLinkOvernDisplay/LiveLinkOverNDisplay.uplugin" 269
"../../../Engine/Plugins/Runtime/LocationServicesAndroidImpl/LocationServicesAndroidImpl.uplugin" 270
"../../../Engine/Plugins/Runtime/GooglePAD/GooglePAD.uplugin" 271
"../../../Engine/Plugins/Runtime/LocationServicesIOSImpl/LocationServicesIOSImpl.uplugin" 272
"../../../Engine/Plugins/Runtime/LocationServicesBPLibrary/LocationServicesBPLibrary.uplugin" 273
"../../../Engine/Plugins/Runtime/MIDIDevice/MIDIDevice.uplugin" 274
"../../../Engine/Plugins/Runtime/MicrosoftSpatialAudio/MicroSoftSpatialSound.uplugin" 275
"../../../Engine/Plugins/Runtime/nDisplay/nDisplay.uplugin" 276
"../../../Engine/Plugins/Runtime/NetworkPredictionExtras/NetworkPredictionExtras.uplugin" 277
"../../../Engine/Plugins/Runtime/MixedRealityCaptureFramework/MixedRealityCaptureFramework.uplugin" 278
"../../../Engine/Plugins/Runtime/NetworkPredictionInsights/NetworkPredictionInsights.uplugin" 279
"../../../Engine/Plugins/Runtime/MobilePatchingUtils/MobilePatchingUtils.uplugin" 280
"../../../Engine/Plugins/Runtime/OpenXR/OpenXR.uplugin" 281
"../../../Engine/Plugins/Runtime/NetworkPrediction/NetworkPrediction.uplugin" 282
"../../../Engine/Plugins/Runtime/OpenXREyeTracker/OpenXREyeTracker.uplugin" 283
"../../../Engine/Plugins/Runtime/OpenXRHandTracking/OpenXRHandTracking.uplugin" 284
"../../../Engine/Plugins/Runtime/OpenXRMsftHandInteraction/OpenXRMsftHandInteraction.uplugin" 285
"../../../Engine/Plugins/Runtime/OSC/OSC.uplugin" 286
"../../../Engine/Plugins/Runtime/OptionalMobileFeaturesBPLibrary/OptionalMobileFeaturesBPLibrary.uplugin" 287
"../../../Engine/Plugins/Runtime/PostSplashScreen/PostSplashScreen.uplugin" 288
"../../../Engine/Plugins/Runtime/OSCModulationMixing/OSCModulationMixing.uplugin" 289
"../../../Engine/Plugins/Runtime/PhysXVehicles/PhysXVehicles.uplugin" 290
"../../../Engine/Plugins/Runtime/PreLoadScreenMoviePlayer/PreLoadScreenMoviePlayer.uplugin" 291
"../../../Engine/Plugins/Runtime/PropertyAccess/PropertyAccessEditor.uplugin" 292
"../../../Engine/Plugins/Runtime/ProceduralMeshComponent/ProceduralMeshComponent.uplugin" 293
"../../../Engine/Plugins/Runtime/ResonanceAudio/ResonanceAudio.uplugin" 294
"../../../Engine/Plugins/Runtime/ReplicationGraph/ReplicationGraph.uplugin" 295
"../../../Engine/Plugins/Runtime/SoundFields/SoundFields.uplugin" 296
"../../../Engine/Plugins/Runtime/SoundCueTemplates/SoundCueTemplates.uplugin" 297
"../../../Engine/Plugins/Runtime/SignificanceManager/SignificanceManager.uplugin" 298
"../../../Engine/Plugins/Runtime/RuntimePhysXCooking/RuntimePhysXCooking.uplugin" 299
"../../../Engine/Plugins/Runtime/SoundUtilities/SoundUtilities.uplugin" 300
"../../../Engine/Plugins/Runtime/SoundMod/SoundMod.uplugin" 301
"../../../Engine/Plugins/Runtime/SunPosition/SunPosition.uplugin" 302
"../../../Engine/Plugins/Runtime/Spatialization/Spatialization.uplugin" 303
"../../../Engine/Plugins/Runtime/Synthesis/Synthesis.uplugin" 304
"../../../Engine/Plugins/Runtime/SoundVisualizations/SoundVisualizations.uplugin" 305
"../../../Engine/Plugins/Runtime/TextureShare/TextureShare.uplugin" 306
"../../../Engine/Plugins/Runtime/TimeSynth/TimeSynth.uplugin" 307
"../../../Engine/Plugins/Runtime/WarpUtils/WarpUtils.uplugin" 308
"../../../Engine/Plugins/Runtime/WebBrowserNativeProxy/WebBrowserNativeProxy.uplugin" 309
"../../../Engine/Plugins/Tests/PythonAutomationTest/PythonAutomationTest.uplugin" 310
"../../../Engine/Plugins/Tests/EditorTests/EditorTests.uplugin" 311
"../../../Engine/Plugins/Tests/RHITests/RHITests.uplugin" 312
"../../../Engine/Plugins/Tests/FbxAutomationTestBuilder/FbxAutomationTestBuilder.uplugin" 313
"../../../Engine/Plugins/Tests/RuntimeTests/RuntimeTests.uplugin" 314
"../../../Engine/Plugins/Tests/FunctionalTestingEditor/FunctionalTestingEditor.uplugin" 315
"../../../Engine/Plugins/Tests/ScreenshotTools/ScreenshotTools.uplugin" 316
"../../../Engine/Plugins/Slate/SlateInsights/SlateInsights.uplugin" 317
"../../../Engine/Plugins/Slate/SlateRemote/SlateRemote.uplugin" 318
"../../../Engine/Plugins/Runtime/WebMMoviePlayer/WebMMoviePlayer.uplugin" 319
"../../../Engine/Plugins/Runtime/WebBrowserWidget/WebBrowserWidget.uplugin" 320
"../../../Engine/Plugins/Runtime/WindowsMixedReality/WindowsMixedReality.uplugin" 321
"../../../Engine/Plugins/Runtime/WindowsDeviceProfileSelector/WindowsDeviceProfileSelector.uplugin" 322
"../../../Engine/Plugins/Runtime/WindowsMoviePlayer/WindowsMoviePlayer.uplugin" 323
"../../../Engine/Plugins/VirtualProduction/CameraCalibration/CameraCalibration.uplugin" 324
"../../../Engine/Plugins/VirtualProduction/CompositePlane/CompositePlane.uplugin" 325
"../../../Engine/Plugins/VirtualProduction/CameraCalibrationCore/CameraCalibrationCore.uplugin" 326
"../../../Engine/Plugins/VirtualProduction/DataCharts/DataCharts.uplugin" 327
"../../../Engine/Plugins/VirtualProduction/ICVFX/ICVFX.uplugin" 328
"../../../Engine/Plugins/VirtualProduction/LevelSnapshots/LevelSnapshots.uplugin" 329
"../../../Engine/Plugins/VirtualProduction/LiveLinkCamera/LiveLinkCamera.uplugin" 330
"../../../Engine/Plugins/VirtualProduction/LiveLinkMasterLockit/LiveLinkMasterLockit.uplugin" 331
"../../../Engine/Plugins/VirtualProduction/LiveLinkLens/LiveLinkLens.uplugin" 332
"../../../Engine/Plugins/VirtualProduction/LiveLinkPrestonMDR/LiveLinkPrestonMDR.uplugin" 333
"../../../Engine/Plugins/VirtualProduction/LiveLinkVRPN/LiveLinkVRPN.uplugin" 334
"../../../Engine/Plugins/VirtualProduction/LiveLinkFreeD/LiveLinkFreeD.uplugin" 335
"../../../Engine/Plugins/VirtualProduction/LiveLinkXR/LiveLinkXR.uplugin" 336
"../../../Engine/Plugins/VirtualProduction/RemoteControl/RemoteControl.uplugin" 337
"../../../Engine/Plugins/VirtualProduction/MultiUserTakes/MultiUserTakes.uplugin" 338
"../../../Engine/Plugins/VirtualProduction/nDisplaySupportForLevelSnapshots/nDisplaySupportForLevelSnapshots.uplugin" 339
"../../../Engine/Plugins/VirtualProduction/RemoteControlProtocolMIDI/RemoteControlProtocolMIDI.uplugin" 340
"../../../Engine/Plugins/VirtualProduction/RemoteControlProtocolDMX/RemoteControlProtocolDMX.uplugin" 341
"../../../Engine/Plugins/VirtualProduction/RemoteControlInterception/RemoteControlInterception.uplugin" 342
"../../../Engine/Plugins/VirtualProduction/Takes/Takes.uplugin" 343
"../../../Engine/Plugins/VirtualProduction/StageMonitoring/StageMonitoring.uplugin" 344
"../../../Engine/Plugins/Marketplace/LowEntryExtStdLib/LowEntryExtStdLib.uplugin" 345
"../../../Engine/Plugins/VirtualProduction/TimedDataMonitor/TimedDataMonitor.uplugin" 346
"../../../Engine/Plugins/VirtualProduction/RemoteControlWebInterface/RemoteControlWebInterface.uplugin" 347
"../../../Engine/Plugins/VirtualProduction/RemoteControlProtocolOSC/RemoteControlProtocolOSC.uplugin" 348
"../../../Engine/Plugins/VirtualProduction/Switchboard/Switchboard.uplugin" 349
"../../../Engine/Plugins/Marketplace/AsyncLoadingScreen/AsyncLoadingScreen.uplugin" 350
"../../../Engine/Plugins/Developer/Concert/ConcertMain/ConcertMain.uplugin" 351
"../../../Engine/Plugins/Developer/Concert/DisasterRecoveryClient/DisasterRecoveryClient.uplugin" 352
"../../../Engine/Plugins/Developer/Concert/MultiUserClient/MultiUserClient.uplugin" 353
"../../../Engine/Plugins/Experimental/AR/PointCloud/PointCloud.uplugin" 354
"../../../Engine/Plugins/Experimental/Enterprise/DataprepGeometryOperations/DataprepGeometryOperations.uplugin" 355
"../../../Engine/Plugins/Experimental/VirtualProduction/LedWallCalibration/LedWallCalibration.uplugin" 356
"../../../Engine/Plugins/Experimental/Enterprise/DatasmithRuntime/DatasmithRuntime.uplugin" 357
"../../../Engine/Plugins/Editor/ContentBrowser/ContentBrowserAssetDataSource/ContentBrowserAssetDataSource.uplugin" 358
"../../../Engine/Plugins/Editor/ContentBrowser/ContentBrowserClassDataSource/ContentBrowserClassDataSource.uplugin" 359
"../../../Engine/Plugins/Editor/ContentBrowser/ContentBrowserFileDataSource/ContentBrowserFileDataSource.uplugin" 360
"../../../Engine/Plugins/Online/Android/OnlineSubsystemGooglePlay/OnlineSubsystemGooglePlay.uplugin" 361
"../../../Engine/Plugins/Online/Android/OnlineSubsystemGameCircle/OnlineSubsystemGameCircle.uplugin" 362
"../../../Engine/Plugins/Online/IOS/OnlineSubsystemIOS/OnlineSubsystemIOS.uplugin" 363
"../../../Engine/Plugins/Online/VoiceChat/EOSVoiceChat/EOSVoiceChat.uplugin" 364
"../../../Engine/Plugins/Online/VoiceChat/VoiceChat/VoiceChat.uplugin" 365
"../../../Engine/Plugins/Online/VoiceChat/VivoxVoiceChat/VivoxVoiceChat.uplugin" 366
"../../../Engine/Plugins/Runtime/Advertising/IOSTapJoy/IOSTapJoy.uplugin" 367
"../../../Engine/Plugins/Runtime/AR/AzureSpatialAnchorsForARKit/AzureSpatialAnchorsForARKit.uplugin" 368
"../../../Engine/Plugins/Runtime/AR/AzureSpatialAnchors/AzureSpatialAnchors.uplugin" 369
"../../../Engine/Plugins/Runtime/AR/AzureSpatialAnchorsForWMR/AzureSpatialAnchorsForWMR.uplugin" 370
"../../../Engine/Plugins/Runtime/AR/AzureSpatialAnchorsForARCore/AzureSpatialAnchorsForARCore.uplugin" 371
"../../../Engine/Plugins/Runtime/AR/ARUtilities/ARUtilities.uplugin" 372
"../../../Engine/Plugins/Runtime/Analytics/Adjust/Adjust.uplugin" 373
"../../../Engine/Plugins/Runtime/Analytics/AnalyticsBlueprintLibrary/AnalyticsBlueprintLibrary.uplugin" 374
"../../../Engine/Plugins/Runtime/Analytics/AnalyticsMulticast/AnalyticsMulticast.uplugin" 375
"../../../Engine/Plugins/Runtime/Analytics/FileLogging/FileLogging.uplugin" 376
"../../../Engine/Plugins/Runtime/Database/ADOSupport/ADOSupport.uplugin" 377
"../../../Engine/Plugins/Runtime/Analytics/Flurry/Flurry.uplugin" 378
"../../../Engine/Plugins/Runtime/Database/DatabaseSupport/DatabaseSupport.uplugin" 379
"../../../Engine/Plugins/Runtime/Database/RemoteDatabaseSupport/RemoteDatabaseSupport.uplugin" 380
"../../../Engine/Plugins/Runtime/Database/SQLiteCore/SQLiteCore.uplugin" 381
"../../../Engine/Plugins/Runtime/GoogleVR/GoogleVRHMD/GoogleVRHMD.uplugin" 382
"../../../Engine/Plugins/Runtime/Database/SQLiteSupport/SQLiteSupport.uplugin" 383
"../../../Engine/Plugins/Runtime/GoogleVR/GoogleVRTransition2D/GoogleVRTransition2D.uplugin" 384
"../../../Engine/Plugins/Runtime/GoogleVR/GoogleVRController/GoogleVRController.uplugin" 385
"../../../Engine/Plugins/Runtime/Nvidia/Ansel/Ansel.uplugin" 386
"../../../Engine/Plugins/Runtime/Nvidia/Reflex/Reflex.uplugin" 387
"../../../Engine/Plugins/Runtime/Oculus/OculusAudio/OculusAudio.uplugin" 388
"../../../Engine/Plugins/Runtime/Oculus/OculusOpenXR/OculusOpenXR.uplugin" 389
"../../../Engine/Plugins/Runtime/Oculus/OculusVR/OculusVR.uplugin" 390
"../../../Engine/Plugins/Runtime/PacketHandlers/AESGCMHandlerComponent/AESGCMHandlerComponent.uplugin" 391
"../../../Engine/Plugins/Runtime/PacketHandlers/AESHandlerComponent/AESHandlerComponent.uplugin" 392
"../../../Engine/Plugins/Runtime/PacketHandlers/DTLSHandlerComponent/DTLSHandlerComponent.uplugin" 393
"../../../Engine/Plugins/Runtime/Steam/SteamAudio/SteamAudio.uplugin" 394
"../../../Engine/Plugins/Runtime/Steam/SteamController/SteamController.uplugin" 395
"../../../Engine/Plugins/Runtime/Steam/SteamSockets/SteamSockets.uplugin" 396
"../../../Engine/Plugins/Runtime/Steam/SteamVR/SteamVR.uplugin" 397
"../../../Engine/Plugins/Runtime/MeshReconstruction/DummyMeshReconstructor/DummyMeshReconstructor.uplugin" 398
"../../../Engine/Plugins/Runtime/Steam/SteamShared/SteamShared.uplugin" 399
"../../../Engine/Plugins/Runtime/Windows/WinDualShock/WinDualShock.uplugin" 400
"../../../Engine/Plugins/Runtime/XR/XRVisualization/XRVisualization.uplugin" 401
"../../../Engine/Plugins/VirtualProduction/DMX/DMXDisplayCluster/DMXDisplayCluster.uplugin" 402
"../../../Engine/Plugins/VirtualProduction/DMX/DMXEngine/DMXEngine.uplugin" 403
"../../../Engine/Plugins/VirtualProduction/DMX/DMXPixelMapping/DMXPixelMapping.uplugin" 404
"../../../Engine/Plugins/VirtualProduction/DMX/DMXFixtures/DMXFixtures.uplugin" 405
"../../../Engine/Plugins/Developer/Concert/ConcertSync/ConcertSyncClient/ConcertSyncClient.uplugin" 406
"../../../Engine/Plugins/VirtualProduction/DMX/DMXProtocol/DMXProtocol.uplugin" 407
"../../../Engine/Plugins/Developer/Concert/ConcertSync/ConcertSyncCore/ConcertSyncCore.uplugin" 408
"../../../Engine/Plugins/Developer/Concert/ConcertSync/ConcertSyncServer/ConcertSyncServer.uplugin" 409
"../../../Engine/Plugins/Developer/Concert/ConcertSync/ConcertSyncTest/ConcertSyncTest.uplugin" 410
"../../../Engine/Plugins/Runtime/AR/AppleAR/AppleARKitFaceSupport/AppleARKitFaceSupport.uplugin" 411
"../../../Engine/Plugins/Runtime/AR/AppleAR/AppleARKit/AppleARKit.uplugin" 412
"../../../Engine/Plugins/Runtime/AR/Google/GoogleARCore/GoogleARCore.uplugin" 413
"../../../Engine/Plugins/Runtime/AR/Google/GoogleARCoreServices/GoogleARCoreServices.uplugin" 414
"../../../Engine/Plugins/Runtime/AR/Microsoft/HoloLensAR/HoloLensAR.uplugin" 415
"../../../Engine/Content/Internationalization/icudt64l/cnvalias.icu" 416
"../../../Engine/Content/Internationalization/icudt64l/res_index.res" 417
"../../../Engine/Content/Internationalization/icudt64l/plurals.res" 418
"../../../Engine/Content/Internationalization/icudt64l/lang/ru.res" 419
"../../../Engine/Content/Internationalization/icudt64l/lang/pool.res" 420
"../../../Engine/Content/Internationalization/icudt64l/lang/root.res" 421
"../../../Engine/Content/Internationalization/icudt64l/region/ru.res" 422
"../../../Engine/Content/Internationalization/icudt64l/region/pool.res" 423
"../../../Engine/Content/Internationalization/icudt64l/region/root.res" 424
"../../../Engine/Content/Internationalization/icudt64l/lang/en.res" 425
"../../../Engine/Content/Internationalization/icudt64l/region/en.res" 426
"../../../Engine/Content/Internationalization/icudt64l/windowsZones.res" 427
"../../../Engine/Content/Internationalization/icudt64l/zoneinfo64.res" 428
"../../../Engine/Content/Internationalization/icudt64l/keyTypeData.res" 429
"../../../Engine/Content/Internationalization/icudt64l/timezoneTypes.res" 430
"../../../Engine/Content/Internationalization/icudt64l/likelySubtags.res" 431
"../../../Engine/Content/Internationalization/icudt64l/en_US.res" 432
"../../../Engine/Content/Internationalization/icudt64l/pool.res" 433
"../../../Engine/Content/Internationalization/icudt64l/en.res" 434
"../../../Engine/Content/Internationalization/icudt64l/root.res" 435
"../../../Engine/Content/Internationalization/icudt64l/supplementalData.res" 436
"C:/Users/kekre/AppData/Local/UnrealEngine/4.27/Saved/Config/Windows/Manifest.ini" 437
"../../../Engine/Config/Windows/BaseWindowsEngine.ini" 438
"../../../Engine/Config/Windows/WindowsEngine.ini" 439
"C:/SecondSunday/WillOfNjord/Saved/Config/Windows/Engine.ini" 440
"../../../Engine/Config/BaseGame.ini" 441
"../../../../../../SecondSunday/WillOfNjord/Config/DefaultGame.ini" 442
"../../../Engine/Config/Windows/WindowsGame.ini" 443
"C:/SecondSunday/WillOfNjord/Saved/Config/Windows/Game.ini" 444
"../../../Engine/Config/BaseInput.ini" 445
"../../../../../../SecondSunday/WillOfNjord/Config/DefaultInput.ini" 446
"C:/SecondSunday/WillOfNjord/Saved/Config/Windows/Input.ini" 447
"../../../Engine/Config/BaseEditor.ini" 448
"../../../../../../SecondSunday/WillOfNjord/Config/DefaultEditor.ini" 449
"C:/SecondSunday/WillOfNjord/Saved/Config/Windows/Editor.ini" 450
"../../../Engine/Config/BaseEditorPerProjectUserSettings.ini" 451
"C:/SecondSunday/WillOfNjord/Saved/Config/Windows/EditorPerProjectUserSettings.ini" 452
"../../../Engine/Config/BaseEditorSettings.ini" 453
"C:/Users/kekre/AppData/Local/UnrealEngine/4.27/Saved/Config/Windows/EditorSettings.ini" 454
"../../../Engine/Config/BaseEditorKeyBindings.ini" 455
"C:/Users/kekre/AppData/Local/UnrealEngine/4.27/Saved/Config/Windows/EditorKeyBindings.ini" 456
"C:/Users/kekre/AppData/Local/UnrealEngine/4.27/Saved/Config/Windows/EditorLayout.ini" 457
"../../../Engine/Config/BaseCompat.ini" 458
"C:/SecondSunday/WillOfNjord/Saved/Config/Windows/Compat.ini" 459
"../../../Engine/Config/BaseLightmass.ini" 460
"C:/SecondSunday/WillOfNjord/Saved/Config/Windows/Lightmass.ini" 461
"../../../Engine/Config/BaseScalability.ini" 462
"C:/SecondSunday/WillOfNjord/Saved/Config/Windows/Scalability.ini" 463
"../../../Engine/Config/BaseHardware.ini" 464
"C:/SecondSunday/WillOfNjord/Saved/Config/Windows/Hardware.ini" 465
"../../../Engine/Config/BaseRuntimeOptions.ini" 466
"C:/SecondSunday/WillOfNjord/Saved/Config/Windows/RuntimeOptions.ini" 467
"../../../Engine/Config/BaseInstallBundle.ini" 468
"../../../Engine/Config/BaseDeviceProfiles.ini" 469
"C:/SecondSunday/WillOfNjord/Saved/Config/Windows/DeviceProfiles.ini" 470
"../../../Engine/Config/BaseGameUserSettings.ini" 471
"C:/SecondSunday/WillOfNjord/Saved/Config/Windows/GameUserSettings.ini" 472
"../../../../../../SecondSunday/WillOfNjord/Binaries/Win64/WillOfNjord-Win64-Shipping.target" 473
"../../../../../../SecondSunday/WillOfNjord/Binaries/Win64/WillOfNjordEditor.target" 474
"../../../Engine/Plugins/2D/Paper2D/Config/BasePaper2D.ini" 475
"C:/SecondSunday/WillOfNjord/Saved/Config/Windows/Paper2D.ini" 476
"../../../Engine/Plugins/Animation/LiveLink/Config/BaseLiveLink.ini" 477
"C:/SecondSunday/WillOfNjord/Saved/Config/Windows/LiveLink.ini" 478
"../../../Engine/Plugins/FX/Niagara/Config/BaseNiagara.ini" 479
"C:/SecondSunday/WillOfNjord/Saved/Config/Windows/Niagara.ini" 480
"../../../Engine/Plugins/Lumin/MagicLeap/Config/BaseMagicLeap.ini" 481
"C:/SecondSunday/WillOfNjord/Saved/Config/Windows/MagicLeap.ini" 482
"../../../Engine/Plugins/Lumin/MagicLeapLightEstimation/Config/BaseMagicLeapLightEstimation.ini" 483
"C:/SecondSunday/WillOfNjord/Saved/Config/Windows/MagicLeapLightEstimation.ini" 484
"../../../Engine/Plugins/Experimental/MotoSynth/Config/BaseMotoSynth.ini" 485
"C:/SecondSunday/WillOfNjord/Saved/Config/Windows/MotoSynth.ini" 486
"../../../Engine/Plugins/Enterprise/VariantManagerContent/Config/BaseVariantManagerContent.ini" 487
"C:/SecondSunday/WillOfNjord/Saved/Config/Windows/VariantManagerContent.ini" 488
"../../../Engine/Plugins/Runtime/PostSplashScreen/Config/BasePostSplashScreen.ini" 489
"C:/SecondSunday/WillOfNjord/Saved/Config/Windows/PostSplashScreen.ini" 490
"../../../Engine/Plugins/Runtime/PhysXVehicles/Config/BasePhysXVehicles.ini" 491
"C:/SecondSunday/WillOfNjord/Saved/Config/Windows/PhysXVehicles.ini" 492
"../../../Engine/Plugins/Runtime/Synthesis/Config/BaseSynthesis.ini" 493
"C:/SecondSunday/WillOfNjord/Saved/Config/Windows/Synthesis.ini" 494
"../../../Engine/Plugins/Runtime/Oculus/OculusVR/Config/BaseOculusVR.ini" 495
"C:/SecondSunday/WillOfNjord/Saved/Config/Windows/OculusVR.ini" 496
"../../../Engine/Plugins/Marketplace/LowEntryExtStdLib/Binaries/Win64/UE4Editor.modules" 497
"../../../Engine/Plugins/MeshPainting/Binaries/Win64/UE4Editor.modules" 498
"../../../Engine/Plugins/Experimental/GeometryProcessing/Binaries/Win64/UE4Editor.modules" 499
"../../../Engine/Plugins/XGEController/Binaries/Win64/UE4Editor.modules" 500
"../../../Engine/Plugins/2D/Paper2D/Binaries/Win64/UE4Editor.modules" 501
"../../../Engine/Plugins/Blendables/LightPropagationVolume/Binaries/Win64/UE4Editor.modules" 502
"../../../Engine/Plugins/Cameras/CameraShakePreviewer/Binaries/Win64/UE4Editor.modules" 503
"../../../Engine/Plugins/Cameras/GameplayCameras/Binaries/Win64/UE4Editor.modules" 504
"../../../Engine/Plugins/MovieScene/TemplateSequence/Binaries/Win64/UE4Editor.modules" 505
"../../../Engine/Plugins/MovieScene/LevelSequenceEditor/Binaries/Win64/UE4Editor.modules" 506
"../../../Engine/Plugins/Compression/OodleData/Binaries/Win64/UE4Editor.modules" 507
"../../../Engine/Plugins/Compression/OodleNetwork/Binaries/Win64/UE4Editor.modules" 508
"../../../Engine/Plugins/AI/EnvironmentQueryEditor/Binaries/Win64/UE4Editor.modules" 509
"../../../Engine/Plugins/AI/AISupport/Binaries/Win64/UE4Editor.modules" 510
"../../../Engine/Plugins/Developer/AnimationSharing/Binaries/Win64/UE4Editor.modules" 511
"../../../Engine/Plugins/Runtime/SignificanceManager/Binaries/Win64/UE4Editor.modules" 512
"../../../Engine/Plugins/Developer/CLionSourceCodeAccess/Binaries/Win64/UE4Editor.modules" 513
"../../../Engine/Plugins/Developer/GitSourceControl/Binaries/Win64/UE4Editor.modules" 514
"../../../Engine/Plugins/Developer/PixWinPlugin/Binaries/Win64/UE4Editor.modules" 515
"../../../Engine/Plugins/Developer/PlasticSourceControl/Binaries/Win64/UE4Editor.modules" 516
"../../../Engine/Plugins/Developer/PerforceSourceControl/Binaries/Win64/UE4Editor.modules" 517
"../../../Engine/Plugins/Developer/PluginUtils/Binaries/Win64/UE4Editor.modules" 518
"../../../Engine/Plugins/Developer/PropertyAccessNode/Binaries/Win64/UE4Editor.modules" 519
"../../../Engine/Plugins/Runtime/PropertyAccess/Binaries/Win64/UE4Editor.modules" 520
"../../../Engine/Plugins/Developer/TextureFormatOodle/Binaries/Win64/UE4Editor.modules" 521
"../../../Engine/Plugins/Developer/RiderSourceCodeAccess/Binaries/Win64/UE4Editor.modules" 522
"../../../Engine/Plugins/Developer/SubversionSourceControl/Binaries/Win64/UE4Editor.modules" 523
"../../../Engine/Plugins/Developer/UObjectPlugin/Binaries/Win64/UE4Editor.modules" 524
"../../../Engine/Plugins/Developer/VisualStudioSourceCodeAccess/Binaries/Win64/UE4Editor.modules" 525
"../../../Engine/Plugins/Developer/VisualStudioCodeSourceCodeAccess/Binaries/Win64/UE4Editor.modules" 526
"../../../Engine/Plugins/Experimental/AlembicImporter/Binaries/Win64/UE4Editor.modules" 527
"../../../Engine/Plugins/Experimental/GeometryCache/Binaries/Win64/UE4Editor.modules" 528
"../../../Engine/Plugins/Experimental/AutomationUtils/Binaries/Win64/UE4Editor.modules" 529
"../../../Engine/Plugins/Tests/ScreenshotTools/Binaries/Win64/UE4Editor.modules" 530
"../../../Engine/Plugins/Experimental/BackChannel/Binaries/Win64/UE4Editor.modules" 531
"../../../Engine/Plugins/Experimental/ChaosCloth/Binaries/Win64/UE4Editor.modules" 532
"../../../Engine/Plugins/Experimental/ChaosClothEditor/Binaries/Win64/UE4Editor.modules" 533
"../../../Engine/Plugins/Experimental/ChaosEditor/Binaries/Win64/UE4Editor.modules" 534
"../../../Engine/Plugins/Experimental/PlanarCutPlugin/Binaries/Win64/UE4Editor.modules" 535
"../../../Engine/Plugins/Runtime/EditableMesh/Binaries/Win64/UE4Editor.modules" 536
"../../../Engine/Plugins/Experimental/GeometryCollectionPlugin/Binaries/Win64/UE4Editor.modules" 537
"../../../Engine/Plugins/Runtime/ProceduralMeshComponent/Binaries/Win64/UE4Editor.modules" 538
"../../../Engine/Plugins/Experimental/ChaosSolverPlugin/Binaries/Win64/UE4Editor.modules" 539
"../../../Engine/Plugins/Experimental/ChaosNiagara/Binaries/Win64/UE4Editor.modules" 540
"../../../Engine/Plugins/FX/Niagara/Binaries/Win64/UE4Editor.modules" 541
"../../../Engine/Plugins/Experimental/PythonScriptPlugin/Binaries/Win64/UE4Editor.modules" 542
"../../../Engine/Plugins/Editor/ContentBrowser/ContentBrowserFileDataSource/Binaries/Win64/UE4Editor.modules" 543
"../../../Engine/Plugins/Experimental/CharacterAI/Binaries/Win64/UE4Editor.modules" 544
"../../../Engine/Plugins/Lumin/MLSDK/Binaries/Win64/UE4Editor.modules" 545
"../../../Engine/Plugins/Lumin/MagicLeap/Binaries/Win64/UE4Editor.modules" 546
"../../../Engine/Plugins/Lumin/MagicLeapPassableWorld/Binaries/Win64/UE4Editor.modules" 547
"../../../Engine/Plugins/Lumin/MagicLeapLightEstimation/Binaries/Win64/UE4Editor.modules" 548
"../../../Engine/Plugins/Lumin/MagicLeapMedia/Binaries/Win64/UE4Editor.modules" 549
"../../../Engine/Plugins/Experimental/OpenImageDenoise/Binaries/Win64/UE4Editor.modules" 550
"../../../Engine/Plugins/Experimental/MotoSynth/Binaries/Win64/UE4Editor.modules" 551
"../../../Engine/Plugins/Experimental/ProxyLODPlugin/Binaries/Win64/UE4Editor.modules" 552
"../../../Engine/Plugins/Experimental/PlatformCrypto/Binaries/Win64/UE4Editor.modules" 553
"../../../Engine/Plugins/Enterprise/DatasmithContent/Binaries/Win64/UE4Editor.modules" 554
"../../../Engine/Plugins/Enterprise/VariantManagerContent/Binaries/Win64/UE4Editor.modules" 555
"../../../Engine/Plugins/Experimental/SkeletalReduction/Binaries/Win64/UE4Editor.modules" 556
"../../../Engine/Plugins/Media/AndroidMedia/Binaries/Win64/UE4Editor.modules" 557
"../../../Engine/Plugins/Media/AvfMedia/Binaries/Win64/UE4Editor.modules" 558
"../../../Engine/Plugins/Media/ImgMedia/Binaries/Win64/UE4Editor.modules" 559
"../../../Engine/Plugins/Media/MediaCompositing/Binaries/Win64/UE4Editor.modules" 560
"../../../Engine/Plugins/Media/WmfMedia/Binaries/Win64/UE4Editor.modules" 561
"../../../Engine/Plugins/Media/MediaPlayerEditor/Binaries/Win64/UE4Editor.modules" 562
"../../../Engine/Plugins/Editor/AssetManagerEditor/Binaries/Win64/UE4Editor.modules" 563
"../../../Engine/Plugins/Editor/CryptoKeys/Binaries/Win64/UE4Editor.modules" 564
"../../../Engine/Plugins/Editor/DataValidation/Binaries/Win64/UE4Editor.modules" 565
"../../../Engine/Plugins/Editor/CurveEditorTools/Binaries/Win64/UE4Editor.modules" 566
"../../../Engine/Plugins/Editor/FacialAnimation/Binaries/Win64/UE4Editor.modules" 567
"../../../Engine/Plugins/Editor/GameplayTagsEditor/Binaries/Win64/UE4Editor.modules" 568
"../../../Engine/Plugins/Editor/GeometryMode/Binaries/Win64/UE4Editor.modules" 569
"../../../Engine/Plugins/Editor/MaterialAnalyzer/Binaries/Win64/UE4Editor.modules" 570
"../../../Engine/Plugins/Editor/MobileLauncherProfileWizard/Binaries/Win64/UE4Editor.modules" 571
"../../../Engine/Plugins/Editor/PluginBrowser/Binaries/Win64/UE4Editor.modules" 572
"../../../Engine/Plugins/Editor/SpeedTreeImporter/Binaries/Win64/UE4Editor.modules" 573
"../../../Engine/Plugins/Messaging/TcpMessaging/Binaries/Win64/UE4Editor.modules" 574
"../../../Engine/Plugins/Messaging/UdpMessaging/Binaries/Win64/UE4Editor.modules" 575
"../../../Engine/Plugins/Online/OnlineSubsystem/Binaries/Win64/UE4Editor.modules" 576
"../../../Engine/Plugins/Online/OnlineSubsystemNull/Binaries/Win64/UE4Editor.modules" 577
"../../../Engine/Plugins/Online/OnlineSubsystemUtils/Binaries/Win64/UE4Editor.modules" 578
"../../../Engine/Plugins/Runtime/ActorLayerUtilities/Binaries/Win64/UE4Editor.modules" 579
"../../../Engine/Plugins/Portal/LauncherChunkInstaller/Binaries/Win64/UE4Editor.modules" 580
"../../../Engine/Plugins/Runtime/AndroidPermission/Binaries/Win64/UE4Editor.modules" 581
"../../../Engine/Plugins/Runtime/AppleImageUtils/Binaries/Win64/UE4Editor.modules" 582
"../../../Engine/Plugins/Runtime/ArchVisCharacter/Binaries/Win64/UE4Editor.modules" 583
"../../../Engine/Plugins/Runtime/AudioCapture/Binaries/Win64/UE4Editor.modules" 584
"../../../Engine/Plugins/Runtime/AndroidDeviceProfileSelector/Binaries/Win64/UE4Editor.modules" 585
"../../../Engine/Plugins/Runtime/ChunkDownloader/Binaries/Win64/UE4Editor.modules" 586
"../../../Engine/Plugins/Runtime/CustomMeshComponent/Binaries/Win64/UE4Editor.modules" 587
"../../../Engine/Plugins/Runtime/AssetTags/Binaries/Win64/UE4Editor.modules" 588
"../../../Engine/Plugins/Runtime/ExampleDeviceProfileSelector/Binaries/Win64/UE4Editor.modules" 589
"../../../Engine/Plugins/MovieScene/ActorSequence/Binaries/Win64/UE4Editor.modules" 590
"../../../Engine/Plugins/Runtime/CableComponent/Binaries/Win64/UE4Editor.modules" 591
"../../../Engine/Plugins/MovieScene/MatineeToLevelSequence/Binaries/Win64/UE4Editor.modules" 592
"../../../Engine/Plugins/Runtime/GooglePAD/Binaries/Win64/UE4Editor.modules" 593
"../../../Engine/Plugins/Runtime/LocationServicesBPLibrary/Binaries/Win64/UE4Editor.modules" 594
"../../../Engine/Plugins/Runtime/MobilePatchingUtils/Binaries/Win64/UE4Editor.modules" 595
"../../../Engine/Plugins/Runtime/OpenXR/Binaries/Win64/UE4Editor.modules" 596
"../../../Engine/Plugins/Runtime/OpenXREyeTracker/Binaries/Win64/UE4Editor.modules" 597
"../../../Engine/Plugins/Runtime/OpenXRHandTracking/Binaries/Win64/UE4Editor.modules" 598
"../../../Engine/Plugins/Animation/LiveLink/Binaries/Win64/UE4Editor.modules" 599
"../../../Engine/Plugins/VirtualProduction/Takes/Binaries/Win64/UE4Editor.modules" 600
"../../../Engine/Plugins/Runtime/PhysXVehicles/Binaries/Win64/UE4Editor.modules" 601
"../../../Engine/Plugins/Runtime/SoundFields/Binaries/Win64/UE4Editor.modules" 602
"../../../Engine/Plugins/Runtime/RuntimePhysXCooking/Binaries/Win64/UE4Editor.modules" 603
"../../../Engine/Plugins/Runtime/Synthesis/Binaries/Win64/UE4Editor.modules" 604
"../../../Engine/Plugins/Runtime/AudioSynesthesia/Binaries/Win64/UE4Editor.modules" 605
"../../../Engine/Plugins/Runtime/WebMMoviePlayer/Binaries/Win64/UE4Editor.modules" 606
"../../../Engine/Plugins/Media/WebMMedia/Binaries/Win64/UE4Editor.modules" 607
"../../../Engine/Plugins/Runtime/WindowsMoviePlayer/Binaries/Win64/UE4Editor.modules" 608
"../../../Engine/Plugins/Editor/ContentBrowser/ContentBrowserAssetDataSource/Binaries/Win64/UE4Editor.modules" 609
"../../../Engine/Plugins/Editor/ContentBrowser/ContentBrowserClassDataSource/Binaries/Win64/UE4Editor.modules" 610
"../../../Engine/Plugins/Runtime/Oculus/OculusVR/Binaries/Win64/UE4Editor.modules" 611
"../../../Engine/Plugins/Runtime/Steam/SteamVR/Binaries/Win64/UE4Editor.modules" 612
